<?xml version="1.0" encoding="UTF-8"?>
<testsuite xmlns:xsi="http://www.w3.org/2001/XMLSchema-instance" xsi:noNamespaceSchemaLocation="https://maven.apache.org/surefire/maven-surefire-plugin/xsd/surefire-test-report.xsd" name="org.etourdot.xincproc.xpointer.XPointerEngineTest" time="1.623" tests="11" errors="0" skipped="0" failures="0">
  <properties>
[...]
</properties>
  <testcase name="testExecuteShortHand" classname="org.etourdot.xincproc.xpointer.XPointerEngineTest" time="0.812"/>
  <testcase name="testExecuteSchema" classname="org.etourdot.xincproc.xpointer.XPointerEngineTest" time="0.073"/>
  <testcase name="testInvalidPointers" classname="org.etourdot.xincproc.xpointer.XPointerEngineTest" time="0.069"/>
  <testcase name="testID" classname="org.etourdot.xincproc.xpointer.XPointerEngineTest" time="0.081"/>
  <testcase name="testExecuteXPath" classname="org.etourdot.xincproc.xpointer.XPointerEngineTest" time="0.038"/>
  <testcase name="testVerifyXPathExpression" classname="org.etourdot.xincproc.xpointer.XPointerEngineTest" time="0.011"/>
  <testcase name="testExecuteBadXPath" classname="org.etourdot.xincproc.xpointer.XPointerEngineTest" time="0.016"/>
  <testcase name="testExecuteBadXmlns" classname="org.etourdot.xincproc.xpointer.XPointerEngineTest" time="0.039"/>
  <testcase name="testExecuteShortHandWithBasefixup1" classname="org.etourdot.xincproc.xpointer.XPointerEngineTest" time="0.043"/>
  <testcase name="testValidPointers" classname="org.etourdot.xincproc.xpointer.XPointerEngineTest" time="0.032"/>
  <testcase name="testExecuteShortHandWithLang" classname="org.etourdot.xincproc.xpointer.XPointerEngineTest" time="0.033"/>
</testsuite>