<?xml version="1.0" encoding="UTF-8"?>
<testsuite xmlns:xsi="http://www.w3.org/2001/XMLSchema-instance" xsi:noNamespaceSchemaLocation="https://maven.apache.org/surefire/maven-surefire-plugin/xsd/surefire-test-report.xsd" name="org.etourdot.xincproc.xinclude.ImaqTestSuiteTest" time="0.034" tests="2" errors="0" skipped="0" failures="0">
  <properties>
[...]
</properties>
  <testcase name="imaq_include_xml_01" classname="org.etourdot.xincproc.xinclude.ImaqTestSuiteTest" time="0.016"/>
  <testcase name="imaq_include_xml_04" classname="org.etourdot.xincproc.xinclude.ImaqTestSuiteTest" time="0.014"/>
</testsuite>